#
# A fatal error has been detected by the Java Runtime Environment:
#
#  Internal Error (t:/workspace/open/src/hotspot/cpu/x86/macroAssembler_x86.cpp:894), pid=8608, tid=1248
#  fatal error: DEBUG MESSAGE: illegal bytecode sequence - method not verified
#
# JRE version: OpenJDK Runtime Environment (14.0+36) (build 14+36-1461)
# Java VM: OpenJDK 64-Bit Server VM (14+36-1461, mixed mode, sharing, tiered, compressed oops, parallel gc, windows-amd64)
# No core dump will be written. Minidumps are not enabled by default on client versions of Windows
#
# If you would like to submit a bug report, please visit:
#   https://bugreport.java.com/bugreport/crash.jsp
#

---------------  S U M M A R Y ------------

Command Line: --add-modules=ALL-SYSTEM --add-opens=java.base/java.util=ALL-UNNAMED --add-opens=java.base/java.lang=ALL-UNNAMED -Declipse.application=org.eclipse.jdt.ls.core.id1 -Dosgi.bundles.defaultStartLevel=4 -Declipse.product=org.eclipse.jdt.ls.core.product -Dfile.encoding=utf8 -DwatchParentProcess=false -XX:+UseParallelGC -XX:GCTimeRatio=4 -XX:AdaptiveSizePolicyWeight=90 -Dsun.zip.disableMemoryMapping=true -Xmx1G -Xms100m c:\Users\tuza_\.vscode\extensions\redhat.java-0.73.0\server\plugins\org.eclipse.equinox.launcher_1.6.0.v20200915-1508.jar -configuration c:\Users\tuza_\AppData\Roaming\Code\User\globalStorage\redhat.java\0.73.0\config_win -data c:\Users\tuza_\AppData\Roaming\Code\User\workspaceStorage\969211e48d9110d71cd2e4170cbd9d54\redhat.java\jdt_ws

Host: AMD Ryzen 5 3500X 6-Core Processor             , 6 cores, 3G,  Windows 10 , 64 bit Build 19041 (10.0.19041.662)
Time: Tue Jan 19 11:55:10 2021 E. South America Standard Time elapsed time: 172 seconds (0d 0h 2m 52s)

---------------  T H R E A D  ---------------

Current thread (0x0000021cf6ba4000):  JavaThread "pool-2-thread-1" [_thread_in_Java, id=1248, stack(0x0000005a36900000,0x0000005a36a00000)]

Stack: [0x0000005a36900000,0x0000005a36a00000]
[error occurred during error reporting (printing stack bounds), id 0xc0000005, EXCEPTION_ACCESS_VIOLATION (0xc0000005) at pc=0x0000021c80000b8b]

Native frames: (J=compiled Java code, j=interpreted, Vv=VM code, C=native code)
V  [jvm.dll+0x5f83ea]
V  [jvm.dll+0x741e2a]
V  [jvm.dll+0x7435df]
V  [jvm.dll+0x743b85]
V  [jvm.dll+0x743b3b]
V  [jvm.dll+0x5f791f]
V  [jvm.dll+0x5f8088]
C  [ntdll.dll+0xa130f]
C  [ntdll.dll+0x4b5e4]
C  [ntdll.dll+0x9fe3e]
C  0x0000021c80000b8b


---------------  P R O C E S S  ---------------

Threads class SMR info:
_java_thread_list=0x0000021cfa728930, length=24, elements={
0x0000021ce8cf7800, 0x0000021ce8dd7000, 0x0000021ce8dd8800, 0x0000021cf3e59800,
0x0000021cf3e5a800, 0x0000021cf3e5c800, 0x0000021cf3e5f800, 0x0000021cf5631800,
0x0000021cf563c800, 0x0000021cf56d5000, 0x0000021cf5781000, 0x0000021cf5ea1000,
0x0000021cf5f43000, 0x0000021cf601f800, 0x0000021cf5f0c800, 0x0000021cf61b6000,
0x0000021cf6222800, 0x0000021cf6ba0800, 0x0000021cf6ba1800, 0x0000021cf6ba4000,
0x0000021cf6b9e000, 0x0000021cf6ba5000, 0x0000021cf6b9f000, 0x0000021cfb725000
}

Java Threads: ( => current thread )
  0x0000021ce8cf7800 JavaThread "main" [_thread_blocked, id=12048, stack(0x0000005a34b00000,0x0000005a34c00000)]
  0x0000021ce8dd7000 JavaThread "Reference Handler" daemon [_thread_blocked, id=3964, stack(0x0000005a34e00000,0x0000005a34f00000)]
  0x0000021ce8dd8800 JavaThread "Finalizer" daemon [_thread_blocked, id=7004, stack(0x0000005a34f00000,0x0000005a35000000)]
  0x0000021cf3e59800 JavaThread "Signal Dispatcher" daemon [_thread_blocked, id=12096, stack(0x0000005a35000000,0x0000005a35100000)]
  0x0000021cf3e5a800 JavaThread "Attach Listener" daemon [_thread_blocked, id=9208, stack(0x0000005a35100000,0x0000005a35200000)]
  0x0000021cf3e5c800 JavaThread "Service Thread" daemon [_thread_blocked, id=3816, stack(0x0000005a35200000,0x0000005a35300000)]
  0x0000021cf3e5f800 JavaThread "C2 CompilerThread0" daemon [_thread_blocked, id=2440, stack(0x0000005a35300000,0x0000005a35400000)]
  0x0000021cf5631800 JavaThread "C1 CompilerThread0" daemon [_thread_blocked, id=7312, stack(0x0000005a35400000,0x0000005a35500000)]
  0x0000021cf563c800 JavaThread "Sweeper thread" daemon [_thread_blocked, id=11768, stack(0x0000005a35500000,0x0000005a35600000)]
  0x0000021cf56d5000 JavaThread "Common-Cleaner" daemon [_thread_blocked, id=3520, stack(0x0000005a35600000,0x0000005a35700000)]
  0x0000021cf5781000 JavaThread "Notification Thread" daemon [_thread_blocked, id=11568, stack(0x0000005a35700000,0x0000005a35800000)]
  0x0000021cf5ea1000 JavaThread "Active Thread: Equinox Container: d6d195a2-e168-4547-b962-f586b8874852" [_thread_blocked, id=12164, stack(0x0000005a35a00000,0x0000005a35b00000)]
  0x0000021cf5f43000 JavaThread "Framework Event Dispatcher: Equinox Container: d6d195a2-e168-4547-b962-f586b8874852" daemon [_thread_blocked, id=6696, stack(0x0000005a35b00000,0x0000005a35c00000)]
  0x0000021cf601f800 JavaThread "Start Level: Equinox Container: d6d195a2-e168-4547-b962-f586b8874852" daemon [_thread_blocked, id=9008, stack(0x0000005a35c00000,0x0000005a35d00000)]
  0x0000021cf5f0c800 JavaThread "SCR Component Actor" daemon [_thread_blocked, id=9740, stack(0x0000005a36000000,0x0000005a36100000)]
  0x0000021cf61b6000 JavaThread "Worker-JM" [_thread_blocked, id=4692, stack(0x0000005a36200000,0x0000005a36300000)]
  0x0000021cf6222800 JavaThread "Worker-1" [_thread_blocked, id=3580, stack(0x0000005a36400000,0x0000005a36500000)]
  0x0000021cf6ba0800 JavaThread "Java indexing" daemon [_thread_blocked, id=11444, stack(0x0000005a36700000,0x0000005a36800000)]
  0x0000021cf6ba1800 JavaThread "logback configurator timer" daemon [_thread_blocked, id=12136, stack(0x0000005a36800000,0x0000005a36900000)]
=>0x0000021cf6ba4000 JavaThread "pool-2-thread-1" [_thread_in_Java, id=1248, stack(0x0000005a36900000,0x0000005a36a00000)]
  0x0000021cf6b9e000 JavaThread "Bundle File Closer" daemon [_thread_blocked, id=11964, stack(0x0000005a36b00000,0x0000005a36c00000)]
  0x0000021cf6ba5000 JavaThread "Worker-3" [_thread_blocked, id=11428, stack(0x0000005a36c00000,0x0000005a36d00000)]
  0x0000021cf6b9f000 JavaThread "ForkJoinPool.commonPool-worker-5" daemon [_thread_blocked, id=7512, stack(0x0000005a36e00000,0x0000005a36f00000)]
  0x0000021cfb725000 JavaThread "ForkJoinPool.commonPool-worker-9" daemon [_thread_blocked, id=5496, stack(0x0000005a37000000,0x0000005a37100000)]

Other Threads:
  0x0000021ce8dd3000 VMThread "VM Thread" [stack: 0x0000005a34d00000,0x0000005a34e00000] [id=11840]
  0x0000021cf57da800 WatcherThread [stack: 0x0000005a35800000,0x0000005a35900000] [id=12244]
  0x0000021ce8d0f800 GCTaskThread "GC Thread#0" [stack: 0x0000005a34c00000,0x0000005a34d00000] [id=4960]
  0x0000021cf5ed5000 GCTaskThread "GC Thread#1" [stack: 0x0000005a35d00000,0x0000005a35e00000] [id=11824]
  0x0000021cf5ed6000 GCTaskThread "GC Thread#2" [stack: 0x0000005a35e00000,0x0000005a35f00000] [id=6472]
  0x0000021cf5ed6800 GCTaskThread "GC Thread#3" [stack: 0x0000005a35f00000,0x0000005a36000000] [id=8652]
  0x0000021cf61fa000 GCTaskThread "GC Thread#4" [stack: 0x0000005a36500000,0x0000005a36600000] [id=5516]
  0x0000021cf62a1800 GCTaskThread "GC Thread#5" [stack: 0x0000005a36600000,0x0000005a36700000] [id=12024]

Threads with active compile tasks:

VM state:not at safepoint (normal execution)

VM Mutex/Monitor currently owned by a thread: None

Heap address: 0x00000000c0000000, size: 1024 MB, Compressed Oops mode: 32-bit
Narrow klass base: 0x0000000800000000, Narrow klass shift: 3
Compressed class space size: 1073741824 Address: 0x0000000800b30000

Heap:
 PSYoungGen      total 22528K, used 9886K [0x00000000eab00000, 0x00000000ec480000, 0x0000000100000000)
  eden space 22016K, 44% used [0x00000000eab00000,0x00000000eb47f8f8,0x00000000ec080000)
  from space 512K, 31% used [0x00000000ec380000,0x00000000ec3a8000,0x00000000ec400000)
  to   space 512K, 0% used [0x00000000ec400000,0x00000000ec400000,0x00000000ec480000)
 ParOldGen       total 68608K, used 38950K [0x00000000c0000000, 0x00000000c4300000, 0x00000000eab00000)
  object space 68608K, 56% used [0x00000000c0000000,0x00000000c2609b00,0x00000000c4300000)
 Metaspace       used 49008K, capacity 51959K, committed 52224K, reserved 1095680K
  class space    used 5337K, capacity 6301K, committed 6400K, reserved 1048576K

Card table byte_map: [0x0000021ce86f0000,0x0000021ce8900000] _byte_map_base: 0x0000021ce80f0000

Marking Bits: (ParMarkBitMap*) 0x00007ffcda81b260
 Begin Bits: [0x0000021cf14a0000, 0x0000021cf24a0000)
 End Bits:   [0x0000021cf24a0000, 0x0000021cf34a0000)

Polling page: 0x0000021ce84e0000

Metaspace:

Usage:
  Non-class:     44.59 MB capacity,    42.65 MB ( 96%) used,     1.85 MB (  4%) free+waste,    95.88 KB ( <1%) overhead. 
      Class:      6.15 MB capacity,     5.21 MB ( 85%) used,   916.99 KB ( 15%) free+waste,    46.38 KB ( <1%) overhead. 
       Both:     50.74 MB capacity,    47.86 MB ( 94%) used,     2.74 MB (  5%) free+waste,   142.25 KB ( <1%) overhead. 

Virtual space:
  Non-class space:       46.00 MB reserved,      44.75 MB ( 97%) committed 
      Class space:        1.00 GB reserved,       6.25 MB ( <1%) committed 
             Both:        1.04 GB reserved,      51.00 MB (  5%) committed 

Chunk freelists:
   Non-Class:  38.00 KB
       Class:  3.00 KB
        Both:  41.00 KB

MaxMetaspaceSize: 17179869184.00 GB
CompressedClassSpaceSize: 1.00 GB

CodeHeap 'non-profiled nmethods': size=120000Kb used=3410Kb max_used=3410Kb free=116589Kb
 bounds [0x0000021c87ad0000, 0x0000021c87e30000, 0x0000021c8f000000]
CodeHeap 'profiled nmethods': size=120000Kb used=12353Kb max_used=12353Kb free=107646Kb
 bounds [0x0000021c805a0000, 0x0000021c811c0000, 0x0000021c87ad0000]
CodeHeap 'non-nmethods': size=5760Kb used=1320Kb max_used=1397Kb free=4439Kb
 bounds [0x0000021c80000000, 0x0000021c80270000, 0x0000021c805a0000]
 total_blobs=8367 nmethods=5188 adapters=531
 compilation: enabled
              stopped_count=0, restarted_count=0
 full_count=0

Compilation events (20 events):
Event: 6.096 Thread 0x0000021cf3e5f800 nmethod 5958 0x0000021c87e1cd10 code [0x0000021c87e1cee0, 0x0000021c87e1d178]
Event: 6.096 Thread 0x0000021cf3e5f800 5701       4       org.eclipse.jdt.internal.compiler.lookup.TypeBinding::hasTypeAnnotations (17 bytes)
Event: 6.096 Thread 0x0000021cf3e5f800 nmethod 5701 0x0000021c87e1d310 code [0x0000021c87e1d4a0, 0x0000021c87e1d558]
Event: 6.096 Thread 0x0000021cf3e5f800 5604       4       java.lang.invoke.Invokers$Holder::linkToTargetMethod (9 bytes)
Event: 6.096 Thread 0x0000021cf3e5f800 nmethod 5604 0x0000021c87e1d610 code [0x0000021c87e1d7c0, 0x0000021c87e1d8b8]
Event: 6.096 Thread 0x0000021cf3e5f800 5614       4       java.lang.invoke.DirectMethodHandle$Holder::invokeStatic (14 bytes)
Event: 6.097 Thread 0x0000021cf3e5f800 nmethod 5614 0x0000021c87e1d990 code [0x0000021c87e1db40, 0x0000021c87e1dc08]
Event: 6.097 Thread 0x0000021cf3e5f800 5864       4       org.eclipse.jdt.internal.compiler.lookup.PlainPackageBinding::getIncarnation (12 bytes)
Event: 6.097 Thread 0x0000021cf3e5f800 nmethod 5864 0x0000021c87e1dd10 code [0x0000021c87e1dea0, 0x0000021c87e1df58]
Event: 6.097 Thread 0x0000021cf3e5f800 5624       4       org.eclipse.jdt.internal.compiler.env.ITypeAnnotationWalker$1::toTypeArgument (2 bytes)
Event: 6.097 Thread 0x0000021cf3e5f800 nmethod 5624 0x0000021c87e1e010 code [0x0000021c87e1e180, 0x0000021c87e1e1f8]
Event: 6.097 Thread 0x0000021cf3e5f800 5603       4       org.eclipse.jdt.internal.compiler.ast.TypeDeclaration::kind (58 bytes)
Event: 6.097 Thread 0x0000021cf3e5f800 nmethod 5603 0x0000021c87e1e310 code [0x0000021c87e1e4a0, 0x0000021c87e1e598]
Event: 6.097 Thread 0x0000021cf3e5f800 5806       4       org.eclipse.jdt.internal.compiler.env.ITypeAnnotationWalker$1::toField (2 bytes)
Event: 6.097 Thread 0x0000021cf3e5f800 nmethod 5806 0x0000021c87e1e610 code [0x0000021c87e1e780, 0x0000021c87e1e7f8]
Event: 6.097 Thread 0x0000021cf3e5f800 5815       4       org.eclipse.jdt.internal.compiler.env.ITypeAnnotationWalker$1::toThrows (2 bytes)
Event: 6.098 Thread 0x0000021cf3e5f800 nmethod 5815 0x0000021c87e1e910 code [0x0000021c87e1ea80, 0x0000021c87e1eaf8]
Event: 6.115 Thread 0x0000021cf596c800 nmethod 5966 0x0000021c87e1ec10 code [0x0000021c87e1f340, 0x0000021c87e22ef0]
Event: 90.497 Thread 0x0000021cf5631800 5978       1       java.util.concurrent.atomic.AtomicLong::get (5 bytes)
Event: 90.497 Thread 0x0000021cf5631800 nmethod 5978 0x0000021c87e24790 code [0x0000021c87e24920, 0x0000021c87e249f8]

GC Heap History (20 events):
Event: 5.482 GC heap before
{Heap before GC invocations=22 (full 2):
 PSYoungGen      total 22528K, used 21910K [0x00000000eab00000, 0x00000000ec580000, 0x0000000100000000)
  eden space 22016K, 97% used [0x00000000eab00000,0x00000000ebfed4e8,0x00000000ec080000)
  from space 512K, 94% used [0x00000000ec480000,0x00000000ec4f8640,0x00000000ec500000)
  to   space 512K, 0% used [0x00000000ec500000,0x00000000ec500000,0x00000000ec580000)
 ParOldGen       total 68608K, used 35274K [0x00000000c0000000, 0x00000000c4300000, 0x00000000eab00000)
  object space 68608K, 51% used [0x00000000c0000000,0x00000000c2272a00,0x00000000c4300000)
 Metaspace       used 47194K, capacity 49968K, committed 50304K, reserved 1093632K
  class space    used 5220K, capacity 6171K, committed 6272K, reserved 1048576K
}
Event: 5.484 GC heap after
{Heap after GC invocations=22 (full 2):
 PSYoungGen      total 22528K, used 509K [0x00000000eab00000, 0x00000000ec580000, 0x0000000100000000)
  eden space 22016K, 0% used [0x00000000eab00000,0x00000000eab00000,0x00000000ec080000)
  from space 512K, 99% used [0x00000000ec500000,0x00000000ec57f548,0x00000000ec580000)
  to   space 1536K, 0% used [0x00000000ec280000,0x00000000ec280000,0x00000000ec400000)
 ParOldGen       total 68608K, used 35974K [0x00000000c0000000, 0x00000000c4300000, 0x00000000eab00000)
  object space 68608K, 52% used [0x00000000c0000000,0x00000000c2321bd0,0x00000000c4300000)
 Metaspace       used 47194K, capacity 49968K, committed 50304K, reserved 1093632K
  class space    used 5220K, capacity 6171K, committed 6272K, reserved 1048576K
}
Event: 5.582 GC heap before
{Heap before GC invocations=23 (full 2):
 PSYoungGen      total 22528K, used 22033K [0x00000000eab00000, 0x00000000ec580000, 0x0000000100000000)
  eden space 22016K, 97% used [0x00000000eab00000,0x00000000ec0050c0,0x00000000ec080000)
  from space 512K, 99% used [0x00000000ec500000,0x00000000ec57f548,0x00000000ec580000)
  to   space 1536K, 0% used [0x00000000ec280000,0x00000000ec280000,0x00000000ec400000)
 ParOldGen       total 68608K, used 35974K [0x00000000c0000000, 0x00000000c4300000, 0x00000000eab00000)
  object space 68608K, 52% used [0x00000000c0000000,0x00000000c2321bd0,0x00000000c4300000)
 Metaspace       used 47324K, capacity 50096K, committed 50304K, reserved 1093632K
  class space    used 5225K, capacity 6171K, committed 6272K, reserved 1048576K
}
Event: 5.583 GC heap after
{Heap after GC invocations=23 (full 2):
 PSYoungGen      total 23552K, used 448K [0x00000000eab00000, 0x00000000ec580000, 0x0000000100000000)
  eden space 22016K, 0% used [0x00000000eab00000,0x00000000eab00000,0x00000000ec080000)
  from space 1536K, 29% used [0x00000000ec280000,0x00000000ec2f0000,0x00000000ec400000)
  to   space 1024K, 0% used [0x00000000ec480000,0x00000000ec480000,0x00000000ec580000)
 ParOldGen       total 68608K, used 36504K [0x00000000c0000000, 0x00000000c4300000, 0x00000000eab00000)
  object space 68608K, 53% used [0x00000000c0000000,0x00000000c23a6328,0x00000000c4300000)
 Metaspace       used 47324K, capacity 50096K, committed 50304K, reserved 1093632K
  class space    used 5225K, capacity 6171K, committed 6272K, reserved 1048576K
}
Event: 5.672 GC heap before
{Heap before GC invocations=24 (full 2):
 PSYoungGen      total 23552K, used 21628K [0x00000000eab00000, 0x00000000ec580000, 0x0000000100000000)
  eden space 22016K, 96% used [0x00000000eab00000,0x00000000ebfaf078,0x00000000ec080000)
  from space 1536K, 29% used [0x00000000ec280000,0x00000000ec2f0000,0x00000000ec400000)
  to   space 1024K, 0% used [0x00000000ec480000,0x00000000ec480000,0x00000000ec580000)
 ParOldGen       total 68608K, used 36504K [0x00000000c0000000, 0x00000000c4300000, 0x00000000eab00000)
  object space 68608K, 53% used [0x00000000c0000000,0x00000000c23a6328,0x00000000c4300000)
 Metaspace       used 48114K, capacity 50870K, committed 51072K, reserved 1093632K
  class space    used 5290K, capacity 6237K, committed 6272K, reserved 1048576K
}
Event: 5.673 GC heap after
{Heap after GC invocations=24 (full 2):
 PSYoungGen      total 23040K, used 1004K [0x00000000eab00000, 0x00000000ec580000, 0x0000000100000000)
  eden space 22016K, 0% used [0x00000000eab00000,0x00000000eab00000,0x00000000ec080000)
  from space 1024K, 98% used [0x00000000ec480000,0x00000000ec57b018,0x00000000ec580000)
  to   space 2048K, 0% used [0x00000000ec180000,0x00000000ec180000,0x00000000ec380000)
 ParOldGen       total 68608K, used 36896K [0x00000000c0000000, 0x00000000c4300000, 0x00000000eab00000)
  object space 68608K, 53% used [0x00000000c0000000,0x00000000c2408328,0x00000000c4300000)
 Metaspace       used 48114K, capacity 50870K, committed 51072K, reserved 1093632K
  class space    used 5290K, capacity 6237K, committed 6272K, reserved 1048576K
}
Event: 5.721 GC heap before
{Heap before GC invocations=25 (full 2):
 PSYoungGen      total 23040K, used 22541K [0x00000000eab00000, 0x00000000ec580000, 0x0000000100000000)
  eden space 22016K, 97% used [0x00000000eab00000,0x00000000ec008418,0x00000000ec080000)
  from space 1024K, 98% used [0x00000000ec480000,0x00000000ec57b018,0x00000000ec580000)
  to   space 2048K, 0% used [0x00000000ec180000,0x00000000ec180000,0x00000000ec380000)
 ParOldGen       total 68608K, used 36896K [0x00000000c0000000, 0x00000000c4300000, 0x00000000eab00000)
  object space 68608K, 53% used [0x00000000c0000000,0x00000000c2408328,0x00000000c4300000)
 Metaspace       used 48240K, capacity 50998K, committed 51072K, reserved 1093632K
  class space    used 5290K, capacity 6237K, committed 6272K, reserved 1048576K
}
Event: 5.722 GC heap after
{Heap after GC invocations=25 (full 2):
 PSYoungGen      total 24064K, used 96K [0x00000000eab00000, 0x00000000ec500000, 0x0000000100000000)
  eden space 22016K, 0% used [0x00000000eab00000,0x00000000eab00000,0x00000000ec080000)
  from space 2048K, 4% used [0x00000000ec180000,0x00000000ec198000,0x00000000ec380000)
  to   space 1024K, 0% used [0x00000000ec400000,0x00000000ec400000,0x00000000ec500000)
 ParOldGen       total 68608K, used 37814K [0x00000000c0000000, 0x00000000c4300000, 0x00000000eab00000)
  object space 68608K, 55% used [0x00000000c0000000,0x00000000c24ed850,0x00000000c4300000)
 Metaspace       used 48240K, capacity 50998K, committed 51072K, reserved 1093632K
  class space    used 5290K, capacity 6237K, committed 6272K, reserved 1048576K
}
Event: 5.783 GC heap before
{Heap before GC invocations=26 (full 2):
 PSYoungGen      total 24064K, used 20577K [0x00000000eab00000, 0x00000000ec500000, 0x0000000100000000)
  eden space 22016K, 93% used [0x00000000eab00000,0x00000000ebf007f8,0x00000000ec080000)
  from space 2048K, 4% used [0x00000000ec180000,0x00000000ec198000,0x00000000ec380000)
  to   space 1024K, 0% used [0x00000000ec400000,0x00000000ec400000,0x00000000ec500000)
 ParOldGen       total 68608K, used 37814K [0x00000000c0000000, 0x00000000c4300000, 0x00000000eab00000)
  object space 68608K, 55% used [0x00000000c0000000,0x00000000c24ed850,0x00000000c4300000)
 Metaspace       used 48725K, capacity 51638K, committed 51968K, reserved 1095680K
  class space    used 5334K, capacity 6301K, committed 6400K, reserved 1048576K
}
Event: 5.784 GC heap after
{Heap after GC invocations=26 (full 2):
 PSYoungGen      total 23040K, used 706K [0x00000000eab00000, 0x00000000ec500000, 0x0000000100000000)
  eden space 22016K, 0% used [0x00000000eab00000,0x00000000eab00000,0x00000000ec080000)
  from space 1024K, 69% used [0x00000000ec400000,0x00000000ec4b0bb0,0x00000000ec500000)
  to   space 1024K, 0% used [0x00000000ec300000,0x00000000ec300000,0x00000000ec400000)
 ParOldGen       total 68608K, used 37862K [0x00000000c0000000, 0x00000000c4300000, 0x00000000eab00000)
  object space 68608K, 55% used [0x00000000c0000000,0x00000000c24f9850,0x00000000c4300000)
 Metaspace       used 48725K, capacity 51638K, committed 51968K, reserved 1095680K
  class space    used 5334K, capacity 6301K, committed 6400K, reserved 1048576K
}
Event: 5.826 GC heap before
{Heap before GC invocations=27 (full 2):
 PSYoungGen      total 23040K, used 22661K [0x00000000eab00000, 0x00000000ec500000, 0x0000000100000000)
  eden space 22016K, 99% used [0x00000000eab00000,0x00000000ec070878,0x00000000ec080000)
  from space 1024K, 69% used [0x00000000ec400000,0x00000000ec4b0bb0,0x00000000ec500000)
  to   space 1024K, 0% used [0x00000000ec300000,0x00000000ec300000,0x00000000ec400000)
 ParOldGen       total 68608K, used 37862K [0x00000000c0000000, 0x00000000c4300000, 0x00000000eab00000)
  object space 68608K, 55% used [0x00000000c0000000,0x00000000c24f9850,0x00000000c4300000)
 Metaspace       used 48798K, capacity 51703K, committed 51968K, reserved 1095680K
  class space    used 5336K, capacity 6301K, committed 6400K, reserved 1048576K
}
Event: 5.827 GC heap after
{Heap after GC invocations=27 (full 2):
 PSYoungGen      total 23040K, used 224K [0x00000000eab00000, 0x00000000ec480000, 0x0000000100000000)
  eden space 22016K, 0% used [0x00000000eab00000,0x00000000eab00000,0x00000000ec080000)
  from space 1024K, 21% used [0x00000000ec300000,0x00000000ec338000,0x00000000ec400000)
  to   space 512K, 0% used [0x00000000ec400000,0x00000000ec400000,0x00000000ec480000)
 ParOldGen       total 68608K, used 38449K [0x00000000c0000000, 0x00000000c4300000, 0x00000000eab00000)
  object space 68608K, 56% used [0x00000000c0000000,0x00000000c258c400,0x00000000c4300000)
 Metaspace       used 48798K, capacity 51703K, committed 51968K, reserved 1095680K
  class space    used 5336K, capacity 6301K, committed 6400K, reserved 1048576K
}
Event: 5.869 GC heap before
{Heap before GC invocations=28 (full 2):
 PSYoungGen      total 23040K, used 22135K [0x00000000eab00000, 0x00000000ec480000, 0x0000000100000000)
  eden space 22016K, 99% used [0x00000000eab00000,0x00000000ec065d18,0x00000000ec080000)
  from space 1024K, 21% used [0x00000000ec300000,0x00000000ec338000,0x00000000ec400000)
  to   space 512K, 0% used [0x00000000ec400000,0x00000000ec400000,0x00000000ec480000)
 ParOldGen       total 68608K, used 38449K [0x00000000c0000000, 0x00000000c4300000, 0x00000000eab00000)
  object space 68608K, 56% used [0x00000000c0000000,0x00000000c258c400,0x00000000c4300000)
 Metaspace       used 48847K, capacity 51703K, committed 51968K, reserved 1095680K
  class space    used 5337K, capacity 6301K, committed 6400K, reserved 1048576K
}
Event: 5.870 GC heap after
{Heap after GC invocations=28 (full 2):
 PSYoungGen      total 22528K, used 160K [0x00000000eab00000, 0x00000000ec480000, 0x0000000100000000)
  eden space 22016K, 0% used [0x00000000eab00000,0x00000000eab00000,0x00000000ec080000)
  from space 512K, 31% used [0x00000000ec400000,0x00000000ec428000,0x00000000ec480000)
  to   space 512K, 0% used [0x00000000ec380000,0x00000000ec380000,0x00000000ec400000)
 ParOldGen       total 68608K, used 38489K [0x00000000c0000000, 0x00000000c4300000, 0x00000000eab00000)
  object space 68608K, 56% used [0x00000000c0000000,0x00000000c2596400,0x00000000c4300000)
 Metaspace       used 48847K, capacity 51703K, committed 51968K, reserved 1095680K
  class space    used 5337K, capacity 6301K, committed 6400K, reserved 1048576K
}
Event: 5.912 GC heap before
{Heap before GC invocations=29 (full 2):
 PSYoungGen      total 22528K, used 22176K [0x00000000eab00000, 0x00000000ec480000, 0x0000000100000000)
  eden space 22016K, 100% used [0x00000000eab00000,0x00000000ec080000,0x00000000ec080000)
  from space 512K, 31% used [0x00000000ec400000,0x00000000ec428000,0x00000000ec480000)
  to   space 512K, 0% used [0x00000000ec380000,0x00000000ec380000,0x00000000ec400000)
 ParOldGen       total 68608K, used 38489K [0x00000000c0000000, 0x00000000c4300000, 0x00000000eab00000)
  object space 68608K, 56% used [0x00000000c0000000,0x00000000c2596400,0x00000000c4300000)
 Metaspace       used 48901K, capacity 51767K, committed 51968K, reserved 1095680K
  class space    used 5337K, capacity 6301K, committed 6400K, reserved 1048576K
}
Event: 5.913 GC heap after
{Heap after GC invocations=29 (full 2):
 PSYoungGen      total 22528K, used 224K [0x00000000eab00000, 0x00000000ec480000, 0x0000000100000000)
  eden space 22016K, 0% used [0x00000000eab00000,0x00000000eab00000,0x00000000ec080000)
  from space 512K, 43% used [0x00000000ec380000,0x00000000ec3b8000,0x00000000ec400000)
  to   space 512K, 0% used [0x00000000ec400000,0x00000000ec400000,0x00000000ec480000)
 ParOldGen       total 68608K, used 38529K [0x00000000c0000000, 0x00000000c4300000, 0x00000000eab00000)
  object space 68608K, 56% used [0x00000000c0000000,0x00000000c25a0400,0x00000000c4300000)
 Metaspace       used 48901K, capacity 51767K, committed 51968K, reserved 1095680K
  class space    used 5337K, capacity 6301K, committed 6400K, reserved 1048576K
}
Event: 5.985 GC heap before
{Heap before GC invocations=30 (full 2):
 PSYoungGen      total 22528K, used 21242K [0x00000000eab00000, 0x00000000ec480000, 0x0000000100000000)
  eden space 22016K, 95% used [0x00000000eab00000,0x00000000ebf868d0,0x00000000ec080000)
  from space 512K, 43% used [0x00000000ec380000,0x00000000ec3b8000,0x00000000ec400000)
  to   space 512K, 0% used [0x00000000ec400000,0x00000000ec400000,0x00000000ec480000)
 ParOldGen       total 68608K, used 38529K [0x00000000c0000000, 0x00000000c4300000, 0x00000000eab00000)
  object space 68608K, 56% used [0x00000000c0000000,0x00000000c25a0400,0x00000000c4300000)
 Metaspace       used 48981K, capacity 51959K, committed 52224K, reserved 1095680K
  class space    used 5337K, capacity 6301K, committed 6400K, reserved 1048576K
}
Event: 5.985 GC heap after
{Heap after GC invocations=30 (full 2):
 PSYoungGen      total 22528K, used 434K [0x00000000eab00000, 0x00000000ec480000, 0x0000000100000000)
  eden space 22016K, 0% used [0x00000000eab00000,0x00000000eab00000,0x00000000ec080000)
  from space 512K, 84% used [0x00000000ec400000,0x00000000ec46cad8,0x00000000ec480000)
  to   space 512K, 0% used [0x00000000ec380000,0x00000000ec380000,0x00000000ec400000)
 ParOldGen       total 68608K, used 38609K [0x00000000c0000000, 0x00000000c4300000, 0x00000000eab00000)
  object space 68608K, 56% used [0x00000000c0000000,0x00000000c25b4400,0x00000000c4300000)
 Metaspace       used 48981K, capacity 51959K, committed 52224K, reserved 1095680K
  class space    used 5337K, capacity 6301K, committed 6400K, reserved 1048576K
}
Event: 6.019 GC heap before
{Heap before GC invocations=31 (full 2):
 PSYoungGen      total 22528K, used 20662K [0x00000000eab00000, 0x00000000ec480000, 0x0000000100000000)
  eden space 22016K, 91% used [0x00000000eab00000,0x00000000ebec0eb0,0x00000000ec080000)
  from space 512K, 84% used [0x00000000ec400000,0x00000000ec46cad8,0x00000000ec480000)
  to   space 512K, 0% used [0x00000000ec380000,0x00000000ec380000,0x00000000ec400000)
 ParOldGen       total 68608K, used 38609K [0x00000000c0000000, 0x00000000c4300000, 0x00000000eab00000)
  object space 68608K, 56% used [0x00000000c0000000,0x00000000c25b4400,0x00000000c4300000)
 Metaspace       used 48997K, capacity 51959K, committed 52224K, reserved 1095680K
  class space    used 5337K, capacity 6301K, committed 6400K, reserved 1048576K
}
Event: 6.020 GC heap after
{Heap after GC invocations=31 (full 2):
 PSYoungGen      total 22528K, used 160K [0x00000000eab00000, 0x00000000ec480000, 0x0000000100000000)
  eden space 22016K, 0% used [0x00000000eab00000,0x00000000eab00000,0x00000000ec080000)
  from space 512K, 31% used [0x00000000ec380000,0x00000000ec3a8000,0x00000000ec400000)
  to   space 512K, 0% used [0x00000000ec400000,0x00000000ec400000,0x00000000ec480000)
 ParOldGen       total 68608K, used 38950K [0x00000000c0000000, 0x00000000c4300000, 0x00000000eab00000)
  object space 68608K, 56% used [0x00000000c0000000,0x00000000c2609b00,0x00000000c4300000)
 Metaspace       used 48997K, capacity 51959K, committed 52224K, reserved 1095680K
  class space    used 5337K, capacity 6301K, committed 6400K, reserved 1048576K
}

Deoptimization events (20 events):
Event: 5.939 Thread 0x0000021cf6ba0000 DEOPT PACKING pc=0x0000021c87b5eedc sp=0x0000005a36ffdfe0
Event: 5.939 Thread 0x0000021cf6ba0000 DEOPT UNPACKING pc=0x0000021c8004912f sp=0x0000005a36ffdf60 mode 2
Event: 5.962 Thread 0x0000021cf6ba0000 DEOPT PACKING pc=0x0000021c80d324d6 sp=0x0000005a36ffdd60
Event: 5.962 Thread 0x0000021cf6ba0000 DEOPT UNPACKING pc=0x0000021c8004964e sp=0x0000005a36ffd248 mode 0
Event: 5.964 Thread 0x0000021cf6ba0000 DEOPT PACKING pc=0x0000021c8112f666 sp=0x0000005a36ffe2b0
Event: 5.965 Thread 0x0000021cf6ba0000 DEOPT UNPACKING pc=0x0000021c8004964e sp=0x0000005a36ffd7a8 mode 0
Event: 5.970 Thread 0x0000021cf6ba0000 DEOPT PACKING pc=0x0000021c80d324d6 sp=0x0000005a36ffe340
Event: 5.970 Thread 0x0000021cf6ba0000 DEOPT UNPACKING pc=0x0000021c8004964e sp=0x0000005a36ffd828 mode 0
Event: 5.975 Thread 0x0000021cf6ba0000 DEOPT PACKING pc=0x0000021c80c801eb sp=0x0000005a36ffdd60
Event: 5.975 Thread 0x0000021cf6ba0000 DEOPT UNPACKING pc=0x0000021c8004964e sp=0x0000005a36ffd248 mode 0
Event: 5.984 Thread 0x0000021cf6ba0000 DEOPT PACKING pc=0x0000021c80d324d6 sp=0x0000005a36ffe3d0
Event: 5.984 Thread 0x0000021cf6ba0000 DEOPT UNPACKING pc=0x0000021c8004964e sp=0x0000005a36ffd8b8 mode 0
Event: 5.984 Thread 0x0000021cf6ba0000 DEOPT PACKING pc=0x0000021c8112f666 sp=0x0000005a36ffe410
Event: 5.984 Thread 0x0000021cf6ba0000 DEOPT UNPACKING pc=0x0000021c8004964e sp=0x0000005a36ffd908 mode 0
Event: 5.995 Thread 0x0000021cf6ba0000 DEOPT PACKING pc=0x0000021c80d324d6 sp=0x0000005a36ffe3d0
Event: 5.995 Thread 0x0000021cf6ba0000 DEOPT UNPACKING pc=0x0000021c8004964e sp=0x0000005a36ffd8b8 mode 0
Event: 6.027 Thread 0x0000021cf6ba0000 DEOPT PACKING pc=0x0000021c80d324d6 sp=0x0000005a36ffe3d0
Event: 6.027 Thread 0x0000021cf6ba0000 DEOPT UNPACKING pc=0x0000021c8004964e sp=0x0000005a36ffd8b8 mode 0
Event: 6.043 Thread 0x0000021cf6ba0000 DEOPT PACKING pc=0x0000021c8112f666 sp=0x0000005a36ffe530
Event: 6.043 Thread 0x0000021cf6ba0000 DEOPT UNPACKING pc=0x0000021c8004964e sp=0x0000005a36ffda28 mode 0

Classes unloaded (0 events):
No events

Classes redefined (0 events):
No events

Internal exceptions (20 events):
Event: 3.038 Thread 0x0000021cf6ba4000 Exception <a 'sun/nio/fs/WindowsException'{0x00000000eba56878}> (0x00000000eba56878) 
thrown [t:/workspace/open/src/hotspot/share/prims/jni.cpp, line 599]
Event: 3.107 Thread 0x0000021cf61f9000 Exception <a 'java/lang/NoSuchMethodError'{0x00000000ebbecea8}: 'java.lang.Object java.lang.invoke.DirectMethodHandle$Holder.invokeStatic(java.lang.Object, java.lang.Object, java.lang.Object, int, java.lang.Object)'> (0x00000000ebbecea8) 
thrown [t:/workspace/open/src/hotspot/share/interpreter/linkResolver.cpp, line 766]
Event: 3.107 Thread 0x0000021cf61f9000 Exception <a 'java/lang/NoSuchMethodError'{0x00000000ebbf02f8}: 'java.lang.Object java.lang.invoke.DirectMethodHandle$Holder.invokeSpecial(java.lang.Object, java.lang.Object, java.lang.Object, java.lang.Object, int, java.lang.Object)'> (0x00000000ebbf02f8) 
thrown [t:/workspace/open/src/hotspot/share/interpreter/linkResolver.cpp, line 766]
Event: 3.107 Thread 0x0000021cf61f9000 Exception <a 'java/lang/NoSuchMethodError'{0x00000000ebbf2de0}: 'java.lang.Object java.lang.invoke.Invokers$Holder.linkToTargetMethod(java.lang.Object, java.lang.Object, int, java.lang.Object, java.lang.Object)'> (0x00000000ebbf2de0) 
thrown [t:/workspace/open/src/hotspot/share/interpreter/linkResolver.cpp, line 766]
Event: 3.114 Thread 0x0000021cf61f9000 Exception <a 'java/lang/NoSuchMethodError'{0x00000000ebc669c8}: 'java.lang.Object java.lang.invoke.DirectMethodHandle$Holder.invokeInterface(java.lang.Object, java.lang.Object, java.lang.Object)'> (0x00000000ebc669c8) 
thrown [t:/workspace/open/src/hotspot/share/interpreter/linkResolver.cpp, line 766]
Event: 3.325 Thread 0x0000021cf61f9000 Exception <a 'java/lang/ArrayIndexOutOfBoundsException'{0x00000000eaf6baf8}: Index 37079 out of bounds for length 37079> (0x00000000eaf6baf8) 
thrown [t:/workspace/open/src/hotspot/share/interpreter/interpreterRuntime.cpp, line 458]
Event: 3.403 Thread 0x0000021cf61f9000 Exception <a 'java/lang/NoSuchMethodError'{0x00000000eb13b1d0}: 'java.lang.Object java.lang.invoke.DirectMethodHandle$Holder.invokeStatic(java.lang.Object, java.lang.Object, int, java.lang.Object)'> (0x00000000eb13b1d0) 
thrown [t:/workspace/open/src/hotspot/share/interpreter/linkResolver.cpp, line 766]
Event: 3.404 Thread 0x0000021cf61f9000 Exception <a 'java/lang/NoSuchMethodError'{0x00000000eb141d30}: 'java.lang.Object java.lang.invoke.Invokers$Holder.linkToTargetMethod(java.lang.Object, int, java.lang.Object)'> (0x00000000eb141d30) 
thrown [t:/workspace/open/src/hotspot/share/interpreter/linkResolver.cpp, line 766]
Event: 3.442 Thread 0x0000021cf61f9000 Exception <a 'java/io/FileNotFoundException'{0x00000000eb25fb20}> (0x00000000eb25fb20) 
thrown [t:/workspace/open/src/hotspot/share/prims/jni.cpp, line 599]
Event: 3.457 Thread 0x0000021cf61f9000 Exception <a 'java/lang/ArrayIndexOutOfBoundsException'{0x00000000eb2c7898}: Index 2321 out of bounds for length 2321> (0x00000000eb2c7898) 
thrown [t:/workspace/open/src/hotspot/share/interpreter/interpreterRuntime.cpp, line 458]
Event: 3.465 Thread 0x0000021cf61f9000 Exception <a 'java/lang/ArrayIndexOutOfBoundsException'{0x00000000eb3258a8}> (0x00000000eb3258a8) 
thrown [t:/workspace/open/src/hotspot/share/runtime/sharedRuntime.cpp, line 584]
Event: 3.475 Thread 0x0000021cf61f9000 Exception <a 'java/lang/ArrayIndexOutOfBoundsException'{0x00000000eb373158}> (0x00000000eb373158) 
thrown [t:/workspace/open/src/hotspot/share/runtime/sharedRuntime.cpp, line 584]
Event: 3.485 Thread 0x0000021cf61f9000 Exception <a 'java/lang/ArrayIndexOutOfBoundsException'{0x00000000eb3c78c8}> (0x00000000eb3c78c8) 
thrown [t:/workspace/open/src/hotspot/share/runtime/sharedRuntime.cpp, line 584]
Event: 3.493 Thread 0x0000021cf61f9000 Exception <a 'java/lang/ArrayIndexOutOfBoundsException'{0x00000000eb429d88}> (0x00000000eb429d88) 
thrown [t:/workspace/open/src/hotspot/share/runtime/sharedRuntime.cpp, line 584]
Event: 5.486 Thread 0x0000021cf6ba0000 Implicit null exception at 0x0000021c87d91727 to 0x0000021c87d92b03
Event: 5.491 Thread 0x0000021cf6ba0000 Implicit null exception at 0x0000021c87b2615c to 0x0000021c87b261c6
Event: 5.525 Thread 0x0000021cf6ba0000 Exception <a 'java/lang/ArrayIndexOutOfBoundsException'{0x00000000eae52b10}> (0x00000000eae52b10) 
thrown [t:/workspace/open/src/hotspot/share/runtime/sharedRuntime.cpp, line 584]
Event: 5.536 Thread 0x0000021cf6ba0000 Implicit null exception at 0x0000021c87d887fa to 0x0000021c87d89bf4
Event: 5.560 Thread 0x0000021cf6ba0000 Exception <a 'java/lang/ArrayIndexOutOfBoundsException'{0x00000000eb5b1950}> (0x00000000eb5b1950) 
thrown [t:/workspace/open/src/hotspot/share/runtime/sharedRuntime.cpp, line 584]
Event: 5.619 Thread 0x0000021cf6ba0000 Exception <a 'java/io/FileNotFoundException'{0x00000000eb5ca5e8}> (0x00000000eb5ca5e8) 
thrown [t:/workspace/open/src/hotspot/share/prims/jni.cpp, line 599]

Events (20 events):
Event: 5.827 Executing VM operation: ParallelGCFailedAllocation done
Event: 5.869 Executing VM operation: ParallelGCFailedAllocation
Event: 5.870 Executing VM operation: ParallelGCFailedAllocation done
Event: 5.912 Executing VM operation: ParallelGCFailedAllocation
Event: 5.913 Executing VM operation: ParallelGCFailedAllocation done
Event: 5.937 Executing VM operation: HandshakeOneThread
Event: 5.937 Executing VM operation: HandshakeOneThread done
Event: 5.985 Executing VM operation: ParallelGCFailedAllocation
Event: 5.985 Executing VM operation: ParallelGCFailedAllocation done
Event: 6.019 Executing VM operation: ParallelGCFailedAllocation
Event: 6.020 Executing VM operation: ParallelGCFailedAllocation done
Event: 11.126 Thread 0x0000021cf596c800 Thread exited: 0x0000021cf596c800
Event: 66.052 Executing VM operation: HandshakeOneThread
Event: 66.052 Executing VM operation: HandshakeOneThread done
Event: 66.052 Thread 0x0000021cf6ba0000 Thread exited: 0x0000021cf6ba0000
Event: 125.340 Thread 0x0000021cf61f9000 Thread exited: 0x0000021cf61f9000
Event: 125.342 Thread 0x0000021cf6ba2800 Thread exited: 0x0000021cf6ba2800
Event: 126.061 Executing VM operation: HandshakeOneThread
Event: 126.061 Executing VM operation: HandshakeOneThread done
Event: 126.061 Thread 0x0000021cf6ba3000 Thread exited: 0x0000021cf6ba3000


Dynamic libraries:
0x00007ff675ee0000 - 0x00007ff675eed000 	C:\Program Files\Java\jdk-14\bin\java.exe
0x00007ffd49a70000 - 0x00007ffd49c66000 	C:\Windows\SYSTEM32\ntdll.dll
0x00007ffd48610000 - 0x00007ffd486cd000 	C:\Windows\System32\KERNEL32.DLL
0x00007ffd476d0000 - 0x00007ffd47999000 	C:\Windows\System32\KERNELBASE.dll
0x00007ffd47490000 - 0x00007ffd47590000 	C:\Windows\System32\ucrtbase.dll
0x00007ffd32df0000 - 0x00007ffd32e08000 	C:\Program Files\Java\jdk-14\bin\jli.dll
0x00007ffd497b0000 - 0x00007ffd49950000 	C:\Windows\System32\USER32.dll
0x00007ffd476a0000 - 0x00007ffd476c2000 	C:\Windows\System32\win32u.dll
0x00007ffd49100000 - 0x00007ffd4912a000 	C:\Windows\System32\GDI32.dll
0x00007ffd47590000 - 0x00007ffd4769b000 	C:\Windows\System32\gdi32full.dll
0x00007ffd47210000 - 0x00007ffd472ad000 	C:\Windows\System32\msvcp_win.dll
0x00007ffd33970000 - 0x00007ffd33985000 	C:\Program Files\Java\jdk-14\bin\VCRUNTIME140.dll
0x00007ffd313c0000 - 0x00007ffd3165b000 	C:\Windows\WinSxS\amd64_microsoft.windows.common-controls_6595b64144ccf1df_6.0.19041.746_none_ca02b4b61b8320a4\COMCTL32.dll
0x00007ffd495a0000 - 0x00007ffd4963e000 	C:\Windows\System32\msvcrt.dll
0x00007ffd484a0000 - 0x00007ffd484d0000 	C:\Windows\System32\IMM32.DLL
0x00007ffd12930000 - 0x00007ffd129cb000 	C:\Program Files\Java\jdk-14\bin\msvcp140.dll
0x00007ffcd9dc0000 - 0x00007ffcda8df000 	C:\Program Files\Java\jdk-14\bin\server\jvm.dll
0x00007ffd47eb0000 - 0x00007ffd47f5c000 	C:\Windows\System32\ADVAPI32.dll
0x00007ffd48e50000 - 0x00007ffd48eec000 	C:\Windows\System32\sechost.dll
0x00007ffd47f60000 - 0x00007ffd4808b000 	C:\Windows\System32\RPCRT4.dll
0x00007ffd49640000 - 0x00007ffd49648000 	C:\Windows\System32\PSAPI.DLL
0x00007ffd33ef0000 - 0x00007ffd33ef9000 	C:\Windows\SYSTEM32\WSOCK32.dll
0x00007ffd485a0000 - 0x00007ffd4860b000 	C:\Windows\System32\WS2_32.dll
0x00007ffd3ea70000 - 0x00007ffd3ea7a000 	C:\Windows\SYSTEM32\VERSION.dll
0x00007ffd3ea40000 - 0x00007ffd3ea67000 	C:\Windows\SYSTEM32\WINMM.dll
0x00007ffd45130000 - 0x00007ffd45142000 	C:\Windows\SYSTEM32\kernel.appcore.dll
0x00007ffd33cd0000 - 0x00007ffd33cda000 	C:\Program Files\Java\jdk-14\bin\jimage.dll
0x00007ffd3fdd0000 - 0x00007ffd3ffb4000 	C:\Windows\SYSTEM32\DBGHELP.DLL
0x00007ffd3a9c0000 - 0x00007ffd3a9ec000 	C:\Windows\SYSTEM32\dbgcore.DLL
0x00007ffd47a50000 - 0x00007ffd47ad0000 	C:\Windows\System32\bcryptPrimitives.dll
0x00007ffd2af20000 - 0x00007ffd2af45000 	C:\Program Files\Java\jdk-14\bin\java.dll
0x00007ffd32c10000 - 0x00007ffd32c27000 	C:\Program Files\Java\jdk-14\bin\zip.dll
0x00007ffd486f0000 - 0x00007ffd48e33000 	C:\Windows\System32\SHELL32.dll
0x00007ffd45330000 - 0x00007ffd45abf000 	C:\Windows\SYSTEM32\windows.storage.dll
0x00007ffd48140000 - 0x00007ffd48496000 	C:\Windows\System32\combase.dll
0x00007ffd46b40000 - 0x00007ffd46b6c000 	C:\Windows\SYSTEM32\Wldp.dll
0x00007ffd47c50000 - 0x00007ffd47cfe000 	C:\Windows\System32\SHCORE.dll
0x00007ffd48530000 - 0x00007ffd48585000 	C:\Windows\System32\shlwapi.dll
0x00007ffd470e0000 - 0x00007ffd47106000 	C:\Windows\SYSTEM32\profapi.dll
0x00007ffd1f3e0000 - 0x00007ffd1f3f9000 	C:\Program Files\Java\jdk-14\bin\net.dll
0x00007ffd40bf0000 - 0x00007ffd40cf0000 	C:\Windows\SYSTEM32\WINHTTP.dll
0x00007ffd468c0000 - 0x00007ffd4692a000 	C:\Windows\system32\mswsock.dll
0x00007ffd1f3c0000 - 0x00007ffd1f3d2000 	C:\Program Files\Java\jdk-14\bin\nio.dll
0x00007ffd46aa0000 - 0x00007ffd46ab8000 	C:\Windows\SYSTEM32\CRYPTSP.dll
0x00007ffd46260000 - 0x00007ffd46294000 	C:\Windows\system32\rsaenh.dll
0x00007ffd47410000 - 0x00007ffd47437000 	C:\Windows\System32\bcrypt.dll
0x00007ffd47060000 - 0x00007ffd4708e000 	C:\Windows\SYSTEM32\USERENV.dll
0x00007ffd46a90000 - 0x00007ffd46a9c000 	C:\Windows\SYSTEM32\CRYPTBASE.dll
0x00007ffd465b0000 - 0x00007ffd465eb000 	C:\Windows\SYSTEM32\IPHLPAPI.DLL
0x00007ffd48e40000 - 0x00007ffd48e48000 	C:\Windows\System32\NSI.dll
0x00007ffd42160000 - 0x00007ffd42177000 	C:\Windows\SYSTEM32\dhcpcsvc6.DLL
0x00007ffd421a0000 - 0x00007ffd421bd000 	C:\Windows\SYSTEM32\dhcpcsvc.DLL
0x00007ffd465f0000 - 0x00007ffd466bb000 	C:\Windows\SYSTEM32\DNSAPI.dll
0x00007ffd1d250000 - 0x00007ffd1d27a000 	C:\Users\tuza_\AppData\Roaming\Code\User\globalStorage\redhat.java\0.73.0\config_win\org.eclipse.equinox.launcher\org.eclipse.equinox.launcher.win32.win32.x86_64_1.2.0.v20200915-1442\eclipse_11100.dll
0x00007ffd33b20000 - 0x00007ffd33b30000 	C:\Program Files\Java\jdk-14\bin\verify.dll
0x00007ffd2c940000 - 0x00007ffd2c951000 	C:\Users\tuza_\AppData\Roaming\Code\User\globalStorage\redhat.java\0.73.0\config_win\org.eclipse.osgi\23\0\.cp\jWinHttp-1.0.0.dll
0x00007ffd48f50000 - 0x00007ffd4907a000 	C:\Windows\System32\ole32.dll

dbghelp: loaded successfully - version: 4.0.5 - missing functions: none
symbol engine: initialized successfully - sym options: 0x614 - pdb path: .;C:\Program Files\Java\jdk-14\bin;C:\Windows\SYSTEM32;C:\Windows\WinSxS\amd64_microsoft.windows.common-controls_6595b64144ccf1df_6.0.19041.746_none_ca02b4b61b8320a4;C:\Program Files\Java\jdk-14\bin\server;C:\Users\tuza_\AppData\Roaming\Code\User\globalStorage\redhat.java\0.73.0\config_win\org.eclipse.equinox.launcher\org.eclipse.equinox.launcher.win32.win32.x86_64_1.2.0.v20200915-1442;C:\Users\tuza_\AppData\Roaming\Code\User\globalStorage\redhat.java\0.73.0\config_win\org.eclipse.osgi\23\0\.cp

VM Arguments:
jvm_args: --add-modules=ALL-SYSTEM --add-opens=java.base/java.util=ALL-UNNAMED --add-opens=java.base/java.lang=ALL-UNNAMED -Declipse.application=org.eclipse.jdt.ls.core.id1 -Dosgi.bundles.defaultStartLevel=4 -Declipse.product=org.eclipse.jdt.ls.core.product -Dfile.encoding=utf8 -DwatchParentProcess=false -XX:+UseParallelGC -XX:GCTimeRatio=4 -XX:AdaptiveSizePolicyWeight=90 -Dsun.zip.disableMemoryMapping=true -Xmx1G -Xms100m 
java_command: c:\Users\tuza_\.vscode\extensions\redhat.java-0.73.0\server\plugins\org.eclipse.equinox.launcher_1.6.0.v20200915-1508.jar -configuration c:\Users\tuza_\AppData\Roaming\Code\User\globalStorage\redhat.java\0.73.0\config_win -data c:\Users\tuza_\AppData\Roaming\Code\User\workspaceStorage\969211e48d9110d71cd2e4170cbd9d54\redhat.java\jdt_ws
java_class_path (initial): c:\Users\tuza_\.vscode\extensions\redhat.java-0.73.0\server\plugins\org.eclipse.equinox.launcher_1.6.0.v20200915-1508.jar
Launcher Type: SUN_STANDARD

[Global flags]
    uintx AdaptiveSizePolicyWeight                 = 90                                        {product} {command line}
     intx CICompilerCount                          = 3                                         {product} {ergonomic}
    uintx GCTimeRatio                              = 4                                         {product} {command line}
   size_t InitialHeapSize                          = 104857600                                 {product} {command line}
   size_t MaxHeapSize                              = 1073741824                                {product} {command line}
   size_t MaxNewSize                               = 357564416                                 {product} {ergonomic}
   size_t MinHeapDeltaBytes                        = 524288                                    {product} {ergonomic}
   size_t MinHeapSize                              = 104857600                                 {product} {command line}
   size_t NewSize                                  = 34603008                                  {product} {ergonomic}
    uintx NonNMethodCodeHeapSize                   = 5832780                                {pd product} {ergonomic}
    uintx NonProfiledCodeHeapSize                  = 122912730                              {pd product} {ergonomic}
   size_t OldSize                                  = 70254592                                  {product} {ergonomic}
    uintx ProfiledCodeHeapSize                     = 122912730                              {pd product} {ergonomic}
    uintx ReservedCodeCacheSize                    = 251658240                              {pd product} {ergonomic}
     bool SegmentedCodeCache                       = true                                      {product} {ergonomic}
   size_t SoftMaxHeapSize                          = 1073741824                             {manageable} {ergonomic}
     bool UseCompressedClassPointers               = true                                 {lp64_product} {ergonomic}
     bool UseCompressedOops                        = true                                 {lp64_product} {ergonomic}
     bool UseLargePagesIndividualAllocation        = false                                  {pd product} {ergonomic}
     bool UseParallelGC                            = true                                      {product} {command line}

Logging:
Log output configuration:
 #0: stdout all=warning uptime,level,tags
 #1: stderr all=off uptime,level,tags

Environment Variables:
PATH=C:\Program Files (x86)\NVIDIA Corporation\PhysX\Common;C:\Program Files (x86)\Common Files\Oracle\Java\javapath;C:\ProgramData\Oracle\Java\javapath;C:\Windows\system32;C:\Windows;C:\Windows\System32\Wbem;C:\Windows\System32\WindowsPowerShell\v1.0\;C:\Windows\System32\OpenSSH\;C:\Users\tuza_\AppData\Local\Programs\Python\Python37\Scripts\;C:\Users\tuza_\AppData\Local\Programs\Python\Python37\;C:\Users\tuza_\AppData\Local\Microsoft\WindowsApps;C:\Users\tuza_\AppData\Local\Programs\Microsoft VS Code\bin
USERNAME=tuza_
OS=Windows_NT
PROCESSOR_IDENTIFIER=AMD64 Family 23 Model 113 Stepping 0, AuthenticAMD



---------------  S Y S T E M  ---------------

OS: Windows 10 , 64 bit Build 19041 (10.0.19041.662)
OS uptime: 0 days 3:49 hours

CPU:total 6 (initial active 6) (6 cores per cpu, 1 threads per core) family 23 model 113 stepping 0, cmov, cx8, fxsr, mmx, sse, sse2, sse3, ssse3, sse4.1, sse4.2, popcnt, avx, avx2, aes, clmul, mmxext, 3dnowpref, lzcnt, sse4a, tsc, tscinvbit, tscinv, bmi1, bmi2, adx, sha, fma

Memory: 4k page, system-wide physical 4047M (654M free)
TotalPageFile size 15311M (AvailPageFile size 6587M)
current process WorkingSet (physical memory assigned to process): 110M, peak: 256M
current process commit charge ("private bytes"): 268M, peak: 332M

vm_info: OpenJDK 64-Bit Server VM (14+36-1461) for windows-amd64 JRE (14+36-1461), built on Feb  6 2020 19:03:18 by "mach5one" with MS VC++ 15.9 (VS2017)

END.
